This file contains any messages produced by compilers while
running configure, to aid debugging if configure makes a mistake.

It was created by libirecovery configure 2.0, which was
generated by GNU Autoconf 2.69.  Invocation command line was

  $ ./configure 

## --------- ##
## Platform. ##
## --------- ##

hostname = thepiratewiki.com
uname -m = x86_64
uname -r = 12.2.0
uname -s = Darwin
uname -v = Darwin Kernel Version 12.2.0: Sat Aug 25 00:48:52 PDT 2012; root:xnu-2050.18.24~1/RELEASE_X86_64

/usr/bin/uname -p = i386
/bin/uname -X     = unknown

/bin/arch              = unknown
/usr/bin/arch -k       = unknown
/usr/convex/getsysinfo = unknown
/usr/bin/hostinfo      = Mach kernel version:
	 Darwin Kernel Version 12.2.0: Sat Aug 25 00:48:52 PDT 2012; root:xnu-2050.18.24~1/RELEASE_X86_64
Kernel configured for up to 2 processors.
2 processors are physically available.
2 processors are logically available.
Processor type: i486 (Intel 80486)
Processors active: 0 1
Primary memory available: 2.00 gigabytes
Default processor set: 124 tasks, 675 threads, 2 processors
Load average: 1.93, Mach factor: 0.83
/bin/machine           = unknown
/usr/bin/oslevel       = unknown
/bin/universe          = unknown

PATH: /sw2/bin
PATH: /sw2/sbin
PATH: /opt/local/bin
PATH: /opt/local/sbin
PATH: /opt/local/bin
PATH: /opt/local/sbin
PATH: /usr/bin
PATH: /bin
PATH: /usr/sbin
PATH: /sbin
PATH: /usr/local/bin
PATH: /opt/X11/bin
PATH: /opt/local/bin
PATH: /Users/Haifisch/android-sdk/platform-tools
PATH: /opt/libimobiledevice/
PATH: /usr/X11R6/bin


## ----------- ##
## Core tests. ##
## ----------- ##

configure:2187: checking build system type
configure:2201: result: x86_64-apple-darwin12.2.0
configure:2221: checking host system type
configure:2234: result: x86_64-apple-darwin12.2.0
configure:2275: checking how to print strings
configure:2302: result: printf
configure:2371: checking for gcc
configure:2387: found /usr/bin/gcc
configure:2398: result: gcc
configure:2627: checking for C compiler version
configure:2636: gcc --version >&5
i686-apple-darwin11-llvm-gcc-4.2 (GCC) 4.2.1 (Based on Apple Inc. build 5658) (LLVM build 2336.11.00)
Copyright (C) 2007 Free Software Foundation, Inc.
This is free software; see the source for copying conditions.  There is NO
warranty; not even for MERCHANTABILITY or FITNESS FOR A PARTICULAR PURPOSE.

configure:2647: $? = 0
configure:2636: gcc -v >&5
Using built-in specs.
Target: i686-apple-darwin11
Configured with: /private/var/tmp/llvmgcc42/llvmgcc42-2336.11~67/src/configure --disable-checking --enable-werror --prefix=/Applications/Xcode.app/Contents/Developer/usr/llvm-gcc-4.2 --mandir=/share/man --enable-languages=c,objc,c++,obj-c++ --program-prefix=llvm- --program-transform-name=/^[cg][^.-]*$/s/$/-4.2/ --with-slibdir=/usr/lib --build=i686-apple-darwin11 --enable-llvm=/private/var/tmp/llvmgcc42/llvmgcc42-2336.11~67/dst-llvmCore/Developer/usr/local --program-prefix=i686-apple-darwin11- --host=x86_64-apple-darwin11 --target=i686-apple-darwin11 --with-gxx-include-dir=/usr/include/c++/4.2.1
Thread model: posix
gcc version 4.2.1 (Based on Apple Inc. build 5658) (LLVM build 2336.11.00)
configure:2647: $? = 0
configure:2636: gcc -V >&5
llvm-gcc-4.2: argument to `-V' is missing
configure:2647: $? = 1
configure:2636: gcc -qversion >&5
i686-apple-darwin11-llvm-gcc-4.2: no input files
configure:2647: $? = 1
configure:2667: checking whether the C compiler works
configure:2689: gcc    conftest.c  >&5
configure:2693: $? = 0
configure:2741: result: yes
configure:2744: checking for C compiler default output file name
configure:2746: result: a.out
configure:2752: checking for suffix of executables
configure:2759: gcc -o conftest    conftest.c  >&5
configure:2763: $? = 0
configure:2785: result: 
configure:2807: checking whether we are cross compiling
configure:2815: gcc -o conftest    conftest.c  >&5
configure:2819: $? = 0
configure:2826: ./conftest
configure:2830: $? = 0
configure:2845: result: no
configure:2850: checking for suffix of object files
configure:2872: gcc -c   conftest.c >&5
configure:2876: $? = 0
configure:2897: result: o
configure:2901: checking whether we are using the GNU C compiler
configure:2920: gcc -c   conftest.c >&5
configure:2920: $? = 0
configure:2929: result: yes
configure:2938: checking whether gcc accepts -g
configure:2958: gcc -c -g  conftest.c >&5
configure:2958: $? = 0
configure:2999: result: yes
configure:3016: checking for gcc option to accept ISO C89
configure:3079: gcc  -c -g -O2  conftest.c >&5
configure:3079: $? = 0
configure:3092: result: none needed
configure:3112: checking for a sed that does not truncate output
configure:3176: result: /usr/bin/sed
configure:3194: checking for grep that handles long lines and -e
configure:3252: result: /usr/bin/grep
configure:3257: checking for egrep
configure:3319: result: /usr/bin/grep -E
configure:3324: checking for fgrep
configure:3386: result: /usr/bin/grep -F
configure:3421: checking for ld used by gcc
configure:3488: result: /usr/llvm-gcc-4.2/libexec/gcc/i686-apple-darwin11/4.2.1/ld
configure:3495: checking if the linker (/usr/llvm-gcc-4.2/libexec/gcc/i686-apple-darwin11/4.2.1/ld) is GNU ld
configure:3510: result: no
configure:3522: checking for BSD- or MS-compatible name lister (nm)
configure:3571: result: /usr/bin/nm
configure:3701: checking the name lister (/usr/bin/nm) interface
configure:3708: gcc -c -g -O2  conftest.c >&5
configure:3711: /usr/bin/nm "conftest.o"
configure:3714: output
000000000000019c S _some_variable
configure:3721: result: BSD nm
configure:3724: checking whether ln -s works
configure:3728: result: yes
configure:3736: checking the maximum length of command line arguments
configure:3866: result: 196608
configure:3883: checking whether the shell understands some XSI constructs
configure:3893: result: yes
configure:3897: checking whether the shell understands "+="
configure:3903: result: yes
configure:3938: checking how to convert x86_64-apple-darwin12.2.0 file names to x86_64-apple-darwin12.2.0 format
configure:3978: result: func_convert_file_noop
configure:3985: checking how to convert x86_64-apple-darwin12.2.0 file names to toolchain format
configure:4005: result: func_convert_file_noop
configure:4012: checking for /usr/llvm-gcc-4.2/libexec/gcc/i686-apple-darwin11/4.2.1/ld option to reload object files
configure:4019: result: -r
configure:4093: checking for objdump
configure:4123: result: no
configure:4152: checking how to recognize dependent libraries
configure:4354: result: pass_all
configure:4439: checking for dlltool
configure:4469: result: no
configure:4499: checking how to associate runtime and link libraries
configure:4526: result: printf %s\n
configure:4587: checking for ar
configure:4603: found /usr/bin/ar
configure:4614: result: ar
configure:4651: checking for archiver @FILE support
configure:4668: gcc -c -g -O2  conftest.c >&5
configure:4668: $? = 0
configure:4671: ar cru libconftest.a @conftest.lst >&5
ar: @conftest.lst: No such file or directory
configure:4674: $? = 1
configure:4694: result: no
configure:4752: checking for strip
configure:4768: found /usr/bin/strip
configure:4779: result: strip
configure:4851: checking for ranlib
configure:4867: found /usr/bin/ranlib
configure:4878: result: ranlib
configure:4955: checking for gawk
configure:4985: result: no
configure:4955: checking for mawk
configure:4985: result: no
configure:4955: checking for nawk
configure:4985: result: no
configure:4955: checking for awk
configure:4971: found /usr/bin/awk
configure:4982: result: awk
configure:5022: checking command to parse /usr/bin/nm output from gcc object
configure:5142: gcc -c -g -O2  conftest.c >&5
configure:5145: $? = 0
configure:5149: /usr/bin/nm conftest.o \| sed -n -e 's/^.*[ ]\([BCDEGRST][BCDEGRST]*\)[ ][ ]*\([_A-Za-z][_A-Za-z0-9]*\)$/\1 \2 \2/p' | sed '/ __gnu_lto/d' \> conftest.nm
configure:5152: $? = 0
cannot find nm_test_var in conftest.nm
configure:5142: gcc -c -g -O2  conftest.c >&5
configure:5145: $? = 0
configure:5149: /usr/bin/nm conftest.o \| sed -n -e 's/^.*[ ]\([BCDEGRST][BCDEGRST]*\)[ ][ ]*_\([_A-Za-z][_A-Za-z0-9]*\)$/\1 _\2 \2/p' | sed '/ __gnu_lto/d' \> conftest.nm
configure:5152: $? = 0
configure:5218: gcc -o conftest -g -O2   conftest.c conftstm.o >&5
configure:5221: $? = 0
configure:5259: result: ok
configure:5296: checking for sysroot
configure:5326: result: no
configure:5582: checking for mt
configure:5612: result: no
configure:5632: checking if : is a manifest tool
configure:5638: : '-?'
configure:5646: result: no
configure:5702: checking for dsymutil
configure:5718: found /usr/bin/dsymutil
configure:5729: result: dsymutil
configure:5794: checking for nmedit
configure:5810: found /usr/bin/nmedit
configure:5821: result: nmedit
configure:5886: checking for lipo
configure:5902: found /usr/bin/lipo
configure:5913: result: lipo
configure:5978: checking for otool
configure:5994: found /usr/bin/otool
configure:6005: result: otool
configure:6070: checking for otool64
configure:6100: result: no
configure:6145: checking for -single_module linker flag
gcc -g -O2  -o libconftest.dylib -dynamiclib -Wl,-single_module conftest.c
configure:6178: result: yes
configure:6181: checking for -exported_symbols_list linker flag
configure:6201: gcc -o conftest -g -O2   -Wl,-exported_symbols_list,conftest.sym conftest.c  >&5
configure:6201: $? = 0
configure:6211: result: yes
configure:6214: checking for -force_load linker flag
gcc -g -O2 -c -o conftest.o conftest.c
ar cru libconftest.a conftest.o
ranlib libconftest.a
gcc -g -O2  -o conftest conftest.c -Wl,-force_load,./libconftest.a
configure:6246: result: yes
configure:6288: checking how to run the C preprocessor
configure:6319: gcc -E  conftest.c
configure:6319: $? = 0
configure:6333: gcc -E  conftest.c
conftest.c:9:28: error: ac_nonexistent.h: No such file or directory
configure:6333: $? = 1
configure: failed program was:
| /* confdefs.h */
| #define PACKAGE_NAME "libirecovery"
| #define PACKAGE_TARNAME "libirecovery"
| #define PACKAGE_VERSION "2.0"
| #define PACKAGE_STRING "libirecovery 2.0"
| #define PACKAGE_BUGREPORT ""
| #define PACKAGE_URL ""
| /* end confdefs.h.  */
| #include <ac_nonexistent.h>
configure:6358: result: gcc -E
configure:6378: gcc -E  conftest.c
configure:6378: $? = 0
configure:6392: gcc -E  conftest.c
conftest.c:9:28: error: ac_nonexistent.h: No such file or directory
configure:6392: $? = 1
configure: failed program was:
| /* confdefs.h */
| #define PACKAGE_NAME "libirecovery"
| #define PACKAGE_TARNAME "libirecovery"
| #define PACKAGE_VERSION "2.0"
| #define PACKAGE_STRING "libirecovery 2.0"
| #define PACKAGE_BUGREPORT ""
| #define PACKAGE_URL ""
| /* end confdefs.h.  */
| #include <ac_nonexistent.h>
configure:6421: checking for ANSI C header files
configure:6441: gcc -c -g -O2  conftest.c >&5
configure:6441: $? = 0
configure:6514: gcc -o conftest -g -O2   conftest.c  >&5
configure:6514: $? = 0
configure:6514: ./conftest
configure:6514: $? = 0
configure:6525: result: yes
configure:6538: checking for sys/types.h
configure:6538: gcc -c -g -O2  conftest.c >&5
configure:6538: $? = 0
configure:6538: result: yes
configure:6538: checking for sys/stat.h
configure:6538: gcc -c -g -O2  conftest.c >&5
configure:6538: $? = 0
configure:6538: result: yes
configure:6538: checking for stdlib.h
configure:6538: gcc -c -g -O2  conftest.c >&5
configure:6538: $? = 0
configure:6538: result: yes
configure:6538: checking for string.h
configure:6538: gcc -c -g -O2  conftest.c >&5
configure:6538: $? = 0
configure:6538: result: yes
configure:6538: checking for memory.h
configure:6538: gcc -c -g -O2  conftest.c >&5
configure:6538: $? = 0
configure:6538: result: yes
configure:6538: checking for strings.h
configure:6538: gcc -c -g -O2  conftest.c >&5
configure:6538: $? = 0
configure:6538: result: yes
configure:6538: checking for inttypes.h
configure:6538: gcc -c -g -O2  conftest.c >&5
configure:6538: $? = 0
configure:6538: result: yes
configure:6538: checking for stdint.h
configure:6538: gcc -c -g -O2  conftest.c >&5
configure:6538: $? = 0
configure:6538: result: yes
configure:6538: checking for unistd.h
configure:6538: gcc -c -g -O2  conftest.c >&5
configure:6538: $? = 0
configure:6538: result: yes
configure:6552: checking for dlfcn.h
configure:6552: gcc -c -g -O2  conftest.c >&5
configure:6552: $? = 0
configure:6552: result: yes
configure:6758: checking for objdir
configure:6773: result: .libs
configure:7044: checking if gcc supports -fno-rtti -fno-exceptions
configure:7062: gcc -c -g -O2  -fno-rtti -fno-exceptions conftest.c >&5
cc1: warning: command line option "-fno-rtti" is valid for C++/ObjC++ but not for C
configure:7066: $? = 0
configure:7079: result: no
configure:7406: checking for gcc option to produce PIC
configure:7413: result: -fno-common -DPIC
configure:7421: checking if gcc PIC flag -fno-common -DPIC works
configure:7439: gcc -c -g -O2  -fno-common -DPIC -DPIC conftest.c >&5
configure:7443: $? = 0
configure:7456: result: yes
configure:7485: checking if gcc static flag -static works
configure:7513: result: no
configure:7528: checking if gcc supports -c -o file.o
configure:7549: gcc -c -g -O2  -o out/conftest2.o conftest.c >&5
configure:7553: $? = 0
configure:7575: result: yes
configure:7583: checking if gcc supports -c -o file.o
configure:7630: result: yes
configure:7663: checking whether the gcc linker (/usr/llvm-gcc-4.2/libexec/gcc/i686-apple-darwin11/4.2.1/ld) supports shared libraries
configure:8816: result: yes
configure:9056: checking dynamic linker characteristics
configure:9789: result: darwin12.2.0 dyld
configure:9896: checking how to hardcode library paths into programs
configure:9921: result: immediate
configure:10461: checking whether stripping libraries is possible
configure:10475: result: yes
configure:10501: checking if libtool supports shared libraries
configure:10503: result: yes
configure:10506: checking whether to build shared libraries
configure:10527: result: yes
configure:10530: checking whether to build static libraries
configure:10534: result: yes
configure:10586: checking for a BSD-compatible install
configure:10654: result: /usr/bin/install -c
configure:10665: checking whether make sets $(MAKE)
configure:10687: result: yes
configure:10697: checking target system type
configure:10710: result: x86_64-apple-darwin12.2.0
configure:10739: checking whether build environment is sane
configure:10794: result: yes
configure:10945: checking for a thread-safe mkdir -p
configure:10984: result: ./install-sh -c -d
configure:11008: checking for style of include used by make
configure:11036: result: GNU
configure:11129: checking dependency style of gcc
configure:11240: result: gcc3
configure:11258: checking whether gcc and cc understand -c and -o together
configure:11289: gcc -c conftest.c -o conftest2.o >&5
configure:11293: $? = 0
configure:11299: gcc -c conftest.c -o conftest2.o >&5
configure:11303: $? = 0
configure:11314: cc -c conftest.c >&5
configure:11318: $? = 0
configure:11326: cc -c conftest.c -o conftest2.o >&5
configure:11330: $? = 0
configure:11336: cc -c conftest.c -o conftest2.o >&5
configure:11340: $? = 0
configure:11358: result: yes
configure:11390: checking for ANSI C header files
configure:11494: result: yes
configure:11558: checking for pkg-config
configure:11576: found /opt/local/bin/pkg-config
configure:11588: result: /opt/local/bin/pkg-config
configure:11613: checking pkg-config is at least version 0.9.0
configure:11616: result: yes
configure:11626: checking for libusb
configure:11633: $PKG_CONFIG --exists --print-errors "libusb-1.0 >= 1.0.8"
configure:11636: $? = 0
configure:11650: $PKG_CONFIG --exists --print-errors "libusb-1.0 >= 1.0.8"
configure:11653: $? = 0
configure:11711: result: yes
configure:11838: checking that generated files are newer than configure
configure:11844: result: done
configure:11867: creating ./config.status

## ---------------------- ##
## Running config.status. ##
## ---------------------- ##

This file was extended by libirecovery config.status 2.0, which was
generated by GNU Autoconf 2.69.  Invocation command line was

  CONFIG_FILES    = 
  CONFIG_HEADERS  = 
  CONFIG_LINKS    = 
  CONFIG_COMMANDS = 
  $ ./config.status 

on thepiratewiki.com

config.status:1088: creating Makefile
config.status:1088: creating src/Makefile
config.status:1088: creating include/Makefile
config.status:1088: creating tools/Makefile
config.status:1088: creating libirecovery-2.0.pc
config.status:1088: creating config.h
config.status:1269: config.h is unchanged
config.status:1317: executing libtool commands
config.status:1317: executing depfiles commands

## ---------------- ##
## Cache variables. ##
## ---------------- ##

ac_cv_build=x86_64-apple-darwin12.2.0
ac_cv_c_compiler_gnu=yes
ac_cv_env_CC_set=
ac_cv_env_CC_value=
ac_cv_env_CFLAGS_set=
ac_cv_env_CFLAGS_value=
ac_cv_env_CPPFLAGS_set=
ac_cv_env_CPPFLAGS_value=
ac_cv_env_CPP_set=
ac_cv_env_CPP_value=
ac_cv_env_LDFLAGS_set=
ac_cv_env_LDFLAGS_value=
ac_cv_env_LIBS_set=
ac_cv_env_LIBS_value=
ac_cv_env_PKG_CONFIG_LIBDIR_set=
ac_cv_env_PKG_CONFIG_LIBDIR_value=
ac_cv_env_PKG_CONFIG_PATH_set=
ac_cv_env_PKG_CONFIG_PATH_value=
ac_cv_env_PKG_CONFIG_set=
ac_cv_env_PKG_CONFIG_value=
ac_cv_env_build_alias_set=
ac_cv_env_build_alias_value=
ac_cv_env_host_alias_set=
ac_cv_env_host_alias_value=
ac_cv_env_libusb_CFLAGS_set=
ac_cv_env_libusb_CFLAGS_value=
ac_cv_env_libusb_LIBS_set=
ac_cv_env_libusb_LIBS_value=
ac_cv_env_target_alias_set=
ac_cv_env_target_alias_value=
ac_cv_header_dlfcn_h=yes
ac_cv_header_inttypes_h=yes
ac_cv_header_memory_h=yes
ac_cv_header_stdc=yes
ac_cv_header_stdint_h=yes
ac_cv_header_stdlib_h=yes
ac_cv_header_string_h=yes
ac_cv_header_strings_h=yes
ac_cv_header_sys_stat_h=yes
ac_cv_header_sys_types_h=yes
ac_cv_header_unistd_h=yes
ac_cv_host=x86_64-apple-darwin12.2.0
ac_cv_objext=o
ac_cv_path_EGREP='/usr/bin/grep -E'
ac_cv_path_FGREP='/usr/bin/grep -F'
ac_cv_path_GREP=/usr/bin/grep
ac_cv_path_SED=/usr/bin/sed
ac_cv_path_ac_pt_PKG_CONFIG=/opt/local/bin/pkg-config
ac_cv_path_install='/usr/bin/install -c'
ac_cv_prog_AWK=awk
ac_cv_prog_CPP='gcc -E'
ac_cv_prog_ac_ct_AR=ar
ac_cv_prog_ac_ct_CC=gcc
ac_cv_prog_ac_ct_DSYMUTIL=dsymutil
ac_cv_prog_ac_ct_LIPO=lipo
ac_cv_prog_ac_ct_NMEDIT=nmedit
ac_cv_prog_ac_ct_OTOOL=otool
ac_cv_prog_ac_ct_RANLIB=ranlib
ac_cv_prog_ac_ct_STRIP=strip
ac_cv_prog_cc_c89=
ac_cv_prog_cc_g=yes
ac_cv_prog_cc_gcc_c_o=yes
ac_cv_prog_make_make_set=yes
ac_cv_target=x86_64-apple-darwin12.2.0
am_cv_CC_dependencies_compiler_type=gcc3
lt_cv_apple_cc_single_mod=yes
lt_cv_ar_at_file=no
lt_cv_deplibs_check_method=pass_all
lt_cv_file_magic_cmd='$MAGIC_CMD'
lt_cv_file_magic_test_file=
lt_cv_ld_exported_symbols_list=yes
lt_cv_ld_force_load=yes
lt_cv_ld_reload_flag=-r
lt_cv_nm_interface='BSD nm'
lt_cv_objdir=.libs
lt_cv_path_LD=/usr/llvm-gcc-4.2/libexec/gcc/i686-apple-darwin11/4.2.1/ld
lt_cv_path_NM=/usr/bin/nm
lt_cv_path_mainfest_tool=no
lt_cv_prog_compiler_c_o=yes
lt_cv_prog_compiler_pic='-fno-common -DPIC'
lt_cv_prog_compiler_pic_works=yes
lt_cv_prog_compiler_rtti_exceptions=no
lt_cv_prog_compiler_static_works=no
lt_cv_prog_gnu_ld=no
lt_cv_sharedlib_from_linklib_cmd='printf %s\n'
lt_cv_sys_global_symbol_pipe='sed -n -e '\''s/^.*[	 ]\([BCDEGRST][BCDEGRST]*\)[	 ][	 ]*_\([_A-Za-z][_A-Za-z0-9]*\)$/\1 _\2 \2/p'\'' | sed '\''/ __gnu_lto/d'\'''
lt_cv_sys_global_symbol_to_c_name_address='sed -n -e '\''s/^: \([^ ]*\)[ ]*$/  {\"\1\", (void *) 0},/p'\'' -e '\''s/^[BCDEGRST]* \([^ ]*\) \([^ ]*\)$/  {"\2", (void *) \&\2},/p'\'''
lt_cv_sys_global_symbol_to_c_name_address_lib_prefix='sed -n -e '\''s/^: \([^ ]*\)[ ]*$/  {\"\1\", (void *) 0},/p'\'' -e '\''s/^[BCDEGRST]* \([^ ]*\) \(lib[^ ]*\)$/  {"\2", (void *) \&\2},/p'\'' -e '\''s/^[BCDEGRST]* \([^ ]*\) \([^ ]*\)$/  {"lib\2", (void *) \&\2},/p'\'''
lt_cv_sys_global_symbol_to_cdecl='sed -n -e '\''s/^T .* \(.*\)$/extern int \1();/p'\'' -e '\''s/^[BCDEGRST]* .* \(.*\)$/extern char \1;/p'\'''
lt_cv_sys_max_cmd_len=196608
lt_cv_to_host_file_cmd=func_convert_file_noop
lt_cv_to_tool_file_cmd=func_convert_file_noop
pkg_cv_libusb_CFLAGS='-I/opt/local/include/libusb-1.0  '
pkg_cv_libusb_LIBS='-L/opt/local/lib -lusb-1.0  '

## ----------------- ##
## Output variables. ##
## ----------------- ##

ACLOCAL='${SHELL} /Users/Haifisch/Desktop/AES/libirecovery/missing --run aclocal-1.12'
AMDEPBACKSLASH='\'
AMDEP_FALSE='#'
AMDEP_TRUE=''
AMTAR='$${TAR-tar}'
AR='ar'
AUTOCONF='${SHELL} /Users/Haifisch/Desktop/AES/libirecovery/missing --run autoconf'
AUTOHEADER='${SHELL} /Users/Haifisch/Desktop/AES/libirecovery/missing --run autoheader'
AUTOMAKE='${SHELL} /Users/Haifisch/Desktop/AES/libirecovery/missing --run automake-1.12'
AWK='awk'
CC='gcc'
CCDEPMODE='depmode=gcc3'
CFLAGS='-g -O2'
CPP='gcc -E'
CPPFLAGS=''
CYGPATH_W='echo'
DEFS='-DHAVE_CONFIG_H'
DEPDIR='.deps'
DLLTOOL='false'
DSYMUTIL='dsymutil'
DUMPBIN=''
ECHO_C='\c'
ECHO_N=''
ECHO_T=''
EGREP='/usr/bin/grep -E'
EXEEXT=''
FGREP='/usr/bin/grep -F'
GREP='/usr/bin/grep'
INSTALL_DATA='${INSTALL} -m 644'
INSTALL_PROGRAM='${INSTALL}'
INSTALL_SCRIPT='${INSTALL}'
INSTALL_STRIP_PROGRAM='$(install_sh) -c -s'
IOKIT_LIBS='-framework IOKit'
LD='/usr/llvm-gcc-4.2/libexec/gcc/i686-apple-darwin11/4.2.1/ld'
LDFLAGS=''
LIBOBJS=''
LIBS=''
LIBTOOL='$(SHELL) $(top_builddir)/libtool'
LIPO='lipo'
LN_S='ln -s'
LTLIBOBJS=''
MAKEINFO='${SHELL} /Users/Haifisch/Desktop/AES/libirecovery/missing --run makeinfo'
MANIFEST_TOOL=':'
MKDIR_P='./install-sh -c -d'
NM='/usr/bin/nm'
NMEDIT='nmedit'
OBJDUMP='false'
OBJEXT='o'
OTOOL64=':'
OTOOL='otool'
PACKAGE='libirecovery'
PACKAGE_BUGREPORT=''
PACKAGE_NAME='libirecovery'
PACKAGE_STRING='libirecovery 2.0'
PACKAGE_TARNAME='libirecovery'
PACKAGE_URL=''
PACKAGE_VERSION='2.0'
PATH_SEPARATOR=':'
PKG_CONFIG='/opt/local/bin/pkg-config'
PKG_CONFIG_LIBDIR=''
PKG_CONFIG_PATH=''
RANLIB='ranlib'
SED='/usr/bin/sed'
SET_MAKE=''
SHELL='/bin/sh'
STRIP='strip'
VERSION='2.0'
ac_ct_AR='ar'
ac_ct_CC='gcc'
ac_ct_DUMPBIN=''
am__EXEEXT_FALSE=''
am__EXEEXT_TRUE='#'
am__fastdepCC_FALSE='#'
am__fastdepCC_TRUE=''
am__include='include'
am__isrc=''
am__leading_dot='.'
am__nodep='_no'
am__quote=''
am__tar='$${TAR-tar} chof - "$$tardir"'
am__untar='$${TAR-tar} xf -'
bindir='${exec_prefix}/bin'
build='x86_64-apple-darwin12.2.0'
build_alias=''
build_cpu='x86_64'
build_os='darwin12.2.0'
build_vendor='apple'
datadir='${datarootdir}'
datarootdir='${prefix}/share'
docdir='${datarootdir}/doc/${PACKAGE_TARNAME}'
dvidir='${docdir}'
exec_prefix='${prefix}'
host='x86_64-apple-darwin12.2.0'
host_alias=''
host_cpu='x86_64'
host_os='darwin12.2.0'
host_vendor='apple'
htmldir='${docdir}'
includedir='${prefix}/include'
infodir='${datarootdir}/info'
install_sh='${SHELL} /Users/Haifisch/Desktop/AES/libirecovery/install-sh'
libdir='${exec_prefix}/lib'
libexecdir='${exec_prefix}/libexec'
libusb_CFLAGS='-I/opt/local/include/libusb-1.0  '
libusb_LIBS='-L/opt/local/lib -lusb-1.0  '
localedir='${datarootdir}/locale'
localstatedir='${prefix}/var'
mandir='${datarootdir}/man'
mkdir_p='$(MKDIR_P)'
oldincludedir='/usr/include'
pdfdir='${docdir}'
prefix='/usr/local'
program_transform_name='s,x,x,'
psdir='${docdir}'
sbindir='${exec_prefix}/sbin'
sharedstatedir='${prefix}/com'
sysconfdir='${prefix}/etc'
target='x86_64-apple-darwin12.2.0'
target_alias=''
target_cpu='x86_64'
target_os='darwin12.2.0'
target_vendor='apple'

## ----------- ##
## confdefs.h. ##
## ----------- ##

/* confdefs.h */
#define PACKAGE_NAME "libirecovery"
#define PACKAGE_TARNAME "libirecovery"
#define PACKAGE_VERSION "2.0"
#define PACKAGE_STRING "libirecovery 2.0"
#define PACKAGE_BUGREPORT ""
#define PACKAGE_URL ""
#define STDC_HEADERS 1
#define HAVE_SYS_TYPES_H 1
#define HAVE_SYS_STAT_H 1
#define HAVE_STDLIB_H 1
#define HAVE_STRING_H 1
#define HAVE_MEMORY_H 1
#define HAVE_STRINGS_H 1
#define HAVE_INTTYPES_H 1
#define HAVE_STDINT_H 1
#define HAVE_UNISTD_H 1
#define HAVE_DLFCN_H 1
#define LT_OBJDIR ".libs/"
#define PACKAGE "libirecovery"
#define VERSION "2.0"
#define STDC_HEADERS 1

configure: exit 0

## ---------------------- ##
## Running config.status. ##
## ---------------------- ##

This file was extended by libirecovery config.status 2.0, which was
generated by GNU Autoconf 2.69.  Invocation command line was

  CONFIG_FILES    = 
  CONFIG_HEADERS  = 
  CONFIG_LINKS    = 
  CONFIG_COMMANDS = 
  $ ./config.status config.h

on thepiratewiki.com

config.status:1088: creating config.h
config.status:1269: config.h is unchanged
